Running: C:\Xilinx\14.7\ISE_DS\ISE\bin\nt64\unwrapped\fuse.exe -intstyle ise -incremental -lib secureip -o C:/Users/jorge/Downloads/ProyectoFinal/ProyectoFinalTarjeta/Schematic1_isim_beh.exe -prj C:/Users/jorge/Downloads/ProyectoFinal/ProyectoFinalTarjeta/Schematic1_beh.prj work.Schematic1 
ISim P.20131013 (signature 0x7708f090)
Number of CPUs detected in this system: 4
Turning on mult-threading, number of parallel sub-compilation jobs: 8 
Determining compilation order of HDL files
Parsing VHDL file "C:/Users/jorge/Downloads/ProyectoFinal/ProyectoFinalTarjeta/Schematic1.vhf" into library work
Starting static elaboration
Completed static elaboration
Compiling package standard
Compiling package std_logic_1164
Compiling package numeric_std
Compiling package vcomponents
Compiling architecture behavioral of entity FJKC_HXILINX_Schematic1 [\FJKC_HXILINX_Schematic1('0')\]
Compiling architecture and2_v of entity AND2 [and2_default]
Compiling architecture and3_v of entity AND3 [and3_default]
Compiling architecture or2_v of entity OR2 [or2_default]
Compiling architecture inv_v of entity INV [inv_default]
Compiling architecture gnd_v of entity GND [gnd_default]
Compiling architecture behavioral of entity schematic1
Time Resolution for simulation is 1ps.
Waiting for 3 sub-compilation(s) to finish...
Compiled 17 VHDL Units
Built simulation executable C:/Users/jorge/Downloads/ProyectoFinal/ProyectoFinalTarjeta/Schematic1_isim_beh.exe
Fuse Memory Usage: 50196 KB
Fuse CPU Usage: 1077 ms
