ISim log file
Running: C:\Users\jorge\Downloads\ProyectoFinal\ProyectoFinalTarjeta\Schematic1_isim_beh.exe -intstyle ise -gui -tclbatch isim.cmd -wdb C:/Users/jorge/Downloads/ProyectoFinal/ProyectoFinalTarjeta/Schematic1_isim_beh.wdb 
ISim P.20131013 (signature 0x7708f090)
This is a Full version of ISim.
Time resolution is 1 ps
# onerror resume
# wave add /
# run 1000 ns
Simulator is doing circuit initialization process.
Finished circuit initialization process.
# isim force add /schematic1/nclk 1 -radix bin -value 0 -radix bin -time 500 ns -repeat 1 us
# isim force add /schematic1/nclk 1 -radix bin -value 0 -radix bin -time 500 ns -repeat 1 us
# run 1.00us
# run 1.00us
# run 1.00us
# run 1.00us
# run 1.00us
# run 1.00us
# run 1.00us
# run 1.00us
