Release 14.7 - xst P.20131013 (nt64)
Copyright (c) 1995-2013 Xilinx, Inc.  All rights reserved.
--> Parameter TMPDIR set to xst/projnav.tmp


Total REAL time to Xst completion: 0.00 secs
Total CPU time to Xst completion: 0.23 secs
 
--> Parameter xsthdpdir set to xst


Total REAL time to Xst completion: 0.00 secs
Total CPU time to Xst completion: 0.24 secs
 
--> Reading design: Schematic.prj

TABLE OF CONTENTS
  1) Synthesis Options Summary
  2) HDL Parsing
  3) HDL Elaboration
  4) HDL Synthesis
       4.1) HDL Synthesis Report
  5) Advanced HDL Synthesis
       5.1) Advanced HDL Synthesis Report
  6) Low Level Synthesis
  7) Partition Report
  8) Design Summary
       8.1) Primitive and Black Box Usage
       8.2) Device utilization summary
       8.3) Partition Resource Summary
       8.4) Timing Report
            8.4.1) Clock Information
            8.4.2) Asynchronous Control Signals Information
            8.4.3) Timing Summary
            8.4.4) Timing Details
            8.4.5) Cross Clock Domains Report


=========================================================================
*                      Synthesis Options Summary                        *
=========================================================================
---- Source Parameters
Input File Name                    : "Schematic.prj"
Ignore Synthesis Constraint File   : NO

---- Target Parameters
Output File Name                   : "Schematic"
Output Format                      : NGC
Target Device                      : xc6slx9-3-tqg144

---- Source Options
Top Module Name                    : Schematic
Automatic FSM Extraction           : YES
FSM Encoding Algorithm             : Auto
Safe Implementation                : No
FSM Style                          : LUT
RAM Extraction                     : Yes
RAM Style                          : Auto
ROM Extraction                     : Yes
Shift Register Extraction          : YES
ROM Style                          : Auto
Resource Sharing                   : YES
Asynchronous To Synchronous        : NO
Shift Register Minimum Size        : 2
Use DSP Block                      : Auto
Automatic Register Balancing       : No

---- Target Options
LUT Combining                      : Auto
Reduce Control Sets                : Auto
Add IO Buffers                     : YES
Global Maximum Fanout              : 100000
Add Generic Clock Buffer(BUFG)     : 16
Register Duplication               : YES
Optimize Instantiated Primitives   : NO
Use Clock Enable                   : Auto
Use Synchronous Set                : Auto
Use Synchronous Reset              : Auto
Pack IO Registers into IOBs        : Auto
Equivalent register Removal        : YES

---- General Options
Optimization Goal                  : Speed
Optimization Effort                : 1
Power Reduction                    : NO
Keep Hierarchy                     : No
Netlist Hierarchy                  : As_Optimized
RTL Output                         : Yes
Global Optimization                : AllClockNets
Read Cores                         : YES
Write Timing Constraints           : NO
Cross Clock Analysis               : NO
Hierarchy Separator                : /
Bus Delimiter                      : <>
Case Specifier                     : Maintain
Slice Utilization Ratio            : 100
BRAM Utilization Ratio             : 100
DSP48 Utilization Ratio            : 100
Auto BRAM Packing                  : NO
Slice Utilization Ratio Delta      : 5

=========================================================================


=========================================================================
*                          HDL Parsing                                  *
=========================================================================
Parsing VHDL file "C:\Users\jorge\Downloads\ProyectoFinal\ProyectoFinalTarjeta\Schematic2.vhf" into library work
Parsing entity <Schematic2>.
Parsing architecture <BEHAVIORAL> of entity <schematic2>.
Parsing VHDL file "C:\Users\jorge\Downloads\ProyectoFinal\ProyectoFinalTarjeta\Schematic1.vhf" into library work
Parsing entity <FJKC_HXILINX_Schematic1>.
Parsing architecture <Behavioral> of entity <fjkc_hxilinx_schematic1>.
Parsing entity <Schematic1>.
Parsing architecture <BEHAVIORAL> of entity <schematic1>.
Parsing VHDL file "C:\Users\jorge\Downloads\ProyectoFinal\ProyectoFinalTarjeta\contador.vhd" into library work
Parsing entity <contador>.
Parsing architecture <Behavioral> of entity <contador>.
Parsing VHDL file "C:\Users\jorge\Downloads\ProyectoFinal\ProyectoFinalTarjeta\Schematic.vhf" into library work
Parsing entity <FJKC_HXILINX_Schematic>.
Parsing architecture <Behavioral> of entity <fjkc_hxilinx_schematic>.
Parsing entity <Schematic2_MUSER_Schematic>.
Parsing architecture <BEHAVIORAL> of entity <schematic2_muser_schematic>.
Parsing entity <Schematic1_MUSER_Schematic>.
Parsing architecture <BEHAVIORAL> of entity <schematic1_muser_schematic>.
Parsing entity <Schematic>.
Parsing architecture <BEHAVIORAL> of entity <schematic>.

=========================================================================
*                            HDL Elaboration                            *
=========================================================================

Elaborating entity <Schematic> (architecture <BEHAVIORAL>) from library <work>.

Elaborating entity <Schematic1_MUSER_Schematic> (architecture <BEHAVIORAL>) from library <work>.

Elaborating entity <FJKC_HXILINX_Schematic> (architecture <Behavioral>) with generics from library <work>.

Elaborating entity <Schematic2_MUSER_Schematic> (architecture <BEHAVIORAL>) from library <work>.

Elaborating entity <contador> (architecture <Behavioral>) from library <work>.

=========================================================================
*                           HDL Synthesis                               *
=========================================================================

Synthesizing Unit <Schematic>.
    Related source file is "C:\Users\jorge\Downloads\ProyectoFinal\ProyectoFinalTarjeta\Schematic.vhf".
    Summary:
	no macro.
Unit <Schematic> synthesized.

Synthesizing Unit <Schematic1_MUSER_Schematic>.
    Related source file is "C:\Users\jorge\Downloads\ProyectoFinal\ProyectoFinalTarjeta\Schematic.vhf".
    Set property "HU_SET = XLXI_4_7" for instance <XLXI_4>.
    Set property "HU_SET = XLXI_12_4" for instance <XLXI_12>.
    Set property "HU_SET = XLXI_13_5" for instance <XLXI_13>.
    Set property "HU_SET = XLXI_14_6" for instance <XLXI_14>.
    Summary:
	no macro.
Unit <Schematic1_MUSER_Schematic> synthesized.

Synthesizing Unit <FJKC_HXILINX_Schematic>.
    Related source file is "C:\Users\jorge\Downloads\ProyectoFinal\ProyectoFinalTarjeta\Schematic.vhf".
        INIT = '0'
    Found 1-bit register for signal <q_tmp>.
    Summary:
	inferred   1 D-type flip-flop(s).
	inferred   2 Multiplexer(s).
Unit <FJKC_HXILINX_Schematic> synthesized.

Synthesizing Unit <Schematic2_MUSER_Schematic>.
    Related source file is "C:\Users\jorge\Downloads\ProyectoFinal\ProyectoFinalTarjeta\Schematic.vhf".
    Summary:
	no macro.
Unit <Schematic2_MUSER_Schematic> synthesized.

Synthesizing Unit <contador>.
    Related source file is "C:\Users\jorge\Downloads\ProyectoFinal\ProyectoFinalTarjeta\contador.vhd".
    Found 1-bit register for signal <c1>.
    Found 27-bit register for signal <a>.
    Found 27-bit adder for signal <a[26]_GND_11_o_add_0_OUT> created at line 48.
    Summary:
	inferred   1 Adder/Subtractor(s).
	inferred  28 D-type flip-flop(s).
Unit <contador> synthesized.

=========================================================================
HDL Synthesis Report

Macro Statistics
# Adders/Subtractors                                   : 1
 27-bit adder                                          : 1
# Registers                                            : 6
 1-bit register                                        : 5
 27-bit register                                       : 1
# Multiplexers                                         : 8
 1-bit 2-to-1 multiplexer                              : 8

=========================================================================

=========================================================================
*                       Advanced HDL Synthesis                          *
=========================================================================


Synthesizing (advanced) Unit <contador>.
The following registers are absorbed into counter <a>: 1 register on signal <a>.
Unit <contador> synthesized (advanced).

=========================================================================
Advanced HDL Synthesis Report

Macro Statistics
# Counters                                             : 1
 27-bit up counter                                     : 1
# Registers                                            : 5
 Flip-Flops                                            : 5
# Multiplexers                                         : 8
 1-bit 2-to-1 multiplexer                              : 8

=========================================================================

=========================================================================
*                         Low Level Synthesis                           *
=========================================================================

Optimizing unit <Schematic1_MUSER_Schematic> ...

Optimizing unit <Schematic2_MUSER_Schematic> ...

Optimizing unit <Schematic> ...

Optimizing unit <FJKC_HXILINX_Schematic> ...

Mapping all equations...
Building and optimizing final netlist ...
Found area constraint ratio of 100 (+ 5) on block Schematic, actual ratio is 0.

Final Macro Processing ...

=========================================================================
Final Register Report

Macro Statistics
# Registers                                            : 32
 Flip-Flops                                            : 32

=========================================================================

=========================================================================
*                           Partition Report                            *
=========================================================================

Partition Implementation Status
-------------------------------

  No Partitions were found in this design.

-------------------------------

=========================================================================
*                            Design Summary                             *
=========================================================================

Top Level Output File Name         : Schematic.ngc

Primitive and Black Box Usage:
------------------------------
# BELS                             : 127
#      AND2                        : 11
#      AND3                        : 4
#      AND4                        : 1
#      GND                         : 1
#      INV                         : 8
#      LUT1                        : 26
#      LUT2                        : 3
#      LUT3                        : 5
#      LUT5                        : 1
#      LUT6                        : 5
#      MUXCY                       : 26
#      OR2                         : 2
#      OR3                         : 5
#      OR4                         : 1
#      VCC                         : 1
#      XORCY                       : 27
# FlipFlops/Latches                : 32
#      FD                          : 1
#      FDC                         : 1
#      FDCE                        : 3
#      FDR                         : 27
# Clock Buffers                    : 1
#      BUFGP                       : 1
# IO Buffers                       : 11
#      OBUF                        : 11

Device utilization summary:
---------------------------

Selected Device : 6slx9tqg144-3 


Slice Logic Utilization: 
 Number of Slice Registers:              32  out of  11440     0%  
 Number of Slice LUTs:                   48  out of   5720     0%  
    Number used as Logic:                48  out of   5720     0%  

Slice Logic Distribution: 
 Number of LUT Flip Flop pairs used:     48
   Number with an unused Flip Flop:      16  out of     48    33%  
   Number with an unused LUT:             0  out of     48     0%  
   Number of fully used LUT-FF pairs:    32  out of     48    66%  
   Number of unique control sets:         6

IO Utilization: 
 Number of IOs:                          12
 Number of bonded IOBs:                  12  out of    102    11%  

Specific Feature Utilization:
 Number of BUFG/BUFGCTRLs:                1  out of     16     6%  

---------------------------
Partition Resource Summary:
---------------------------

  No Partitions were found in this design.

---------------------------


=========================================================================
Timing Report

NOTE: THESE TIMING NUMBERS ARE ONLY A SYNTHESIS ESTIMATE.
      FOR ACCURATE TIMING INFORMATION PLEASE REFER TO THE TRACE REPORT
      GENERATED AFTER PLACE-and-ROUTE.

Clock Information:
------------------
-----------------------------------+---------------------------+-------+
Clock Signal                       | Clock buffer(FF name)     | Load  |
-----------------------------------+---------------------------+-------+
CLK                                | BUFGP                     | 28    |
XLXI_6/c1                          | NONE(XLXI_2/XLXI_14/q_tmp)| 4     |
-----------------------------------+---------------------------+-------+
INFO:Xst:2169 - HDL ADVISOR - Some clock signals were not automatically buffered by XST with BUFG/BUFR resources. Please use the buffer_type constraint in order to insert these buffers to the clock signals to help prevent skew problems.

Asynchronous Control Signals Information:
----------------------------------------
No asynchronous control signals found in this design

Timing Summary:
---------------
Speed Grade: -3

   Minimum period: 6.452ns (Maximum Frequency: 154.999MHz)
   Minimum input arrival time before clock: No path found
   Maximum output required time after clock: 7.454ns
   Maximum combinational path delay: No path found

Timing Details:
---------------
All values displayed in nanoseconds (ns)

=========================================================================
Timing constraint: Default period analysis for Clock 'CLK'
  Clock period: 4.446ns (frequency: 224.940MHz)
  Total number of paths / destination ports: 1135 / 55
-------------------------------------------------------------------------
Delay:               4.446ns (Levels of Logic = 2)
  Source:            XLXI_6/a_21 (FF)
  Destination:       XLXI_6/a_0 (FF)
  Source Clock:      CLK rising
  Destination Clock: CLK rising

  Data Path: XLXI_6/a_21 to XLXI_6/a_0
                                Gate     Net
    Cell:in->out      fanout   Delay   Delay  Logical Name (Net Name)
    ----------------------------------------  ------------
     FDR:C->Q              2   0.447   0.981  XLXI_6/a_21 (XLXI_6/a_21)
     LUT6:I0->O            2   0.203   0.961  XLXI_6/a[26]_PWR_11_o_equal_2_o<26>1 (XLXI_6/a[26]_PWR_11_o_equal_2_o<26>)
     LUT5:I0->O           27   0.203   1.220  XLXI_6/a[26]_PWR_11_o_equal_2_o<26>6 (XLXI_6/a[26]_PWR_11_o_equal_2_o)
     FDR:R                     0.430          XLXI_6/a_0
    ----------------------------------------
    Total                      4.446ns (1.283ns logic, 3.163ns route)
                                       (28.9% logic, 71.1% route)

=========================================================================
Timing constraint: Default period analysis for Clock 'XLXI_6/c1'
  Clock period: 6.452ns (frequency: 154.999MHz)
  Total number of paths / destination ports: 43 / 7
-------------------------------------------------------------------------
Delay:               6.452ns (Levels of Logic = 6)
  Source:            XLXI_2/XLXI_14/q_tmp (FF)
  Destination:       XLXI_2/XLXI_14/q_tmp (FF)
  Source Clock:      XLXI_6/c1 rising
  Destination Clock: XLXI_6/c1 rising

  Data Path: XLXI_2/XLXI_14/q_tmp to XLXI_2/XLXI_14/q_tmp
                                Gate     Net
    Cell:in->out      fanout   Delay   Delay  Logical Name (Net Name)
    ----------------------------------------  ------------
     FDC:C->Q              8   0.447   0.802  q_tmp (q_tmp)
     end scope: 'XLXI_2/XLXI_14:Q'
     INV:I->O              2   0.568   0.961  XLXI_2/XLXI_77 (XLXI_2/XLXN_166)
     AND2:I1->O            5   0.223   1.059  XLXI_2/XLXI_71 (XLXI_2/XLXN_154)
     AND2:I1->O            5   0.223   1.059  XLXI_2/XLXI_72 (XLXI_2/XLXN_155)
     AND2:I1->O            1   0.223   0.580  XLXI_2/XLXI_73 (XLXI_2/XLXN_169)
     begin scope: 'XLXI_2/XLXI_14:J'
     LUT3:I2->O            1   0.205   0.000  q_tmp_rstpot (q_tmp_rstpot)
     FDC:D                     0.102          q_tmp
    ----------------------------------------
    Total                      6.452ns (1.991ns logic, 4.461ns route)
                                       (30.9% logic, 69.1% route)

=========================================================================
Timing constraint: Default OFFSET OUT AFTER for Clock 'XLXI_6/c1'
  Total number of paths / destination ports: 41 / 11
-------------------------------------------------------------------------
Offset:              7.454ns (Levels of Logic = 5)
  Source:            XLXI_2/XLXI_14/q_tmp (FF)
  Destination:       A (PAD)
  Source Clock:      XLXI_6/c1 rising

  Data Path: XLXI_2/XLXI_14/q_tmp to A
                                Gate     Net
    Cell:in->out      fanout   Delay   Delay  Logical Name (Net Name)
    ----------------------------------------  ------------
     FDC:C->Q              8   0.447   0.802  q_tmp (q_tmp)
     end scope: 'XLXI_2/XLXI_14:Q'
     INV:I->O              7   0.568   1.021  XLXI_5/XLXI_312 (XLXI_5/XLXN_323)
     AND3:I2->O            1   0.320   0.924  XLXI_5/XLXI_305 (XLXI_5/XLXN_338)
     OR3:I1->O             1   0.223   0.579  XLXI_5/XLXI_316 (A_OBUF)
     OBUF:I->O                 2.571          A_OBUF (A)
    ----------------------------------------
    Total                      7.454ns (4.129ns logic, 3.325ns route)
                                       (55.4% logic, 44.6% route)

=========================================================================

Cross Clock Domains Report:
--------------------------

Clock to Setup on destination clock CLK
---------------+---------+---------+---------+---------+
               | Src:Rise| Src:Fall| Src:Rise| Src:Fall|
Source Clock   |Dest:Rise|Dest:Rise|Dest:Fall|Dest:Fall|
---------------+---------+---------+---------+---------+
CLK            |    4.446|         |         |         |
---------------+---------+---------+---------+---------+

Clock to Setup on destination clock XLXI_6/c1
---------------+---------+---------+---------+---------+
               | Src:Rise| Src:Fall| Src:Rise| Src:Fall|
Source Clock   |Dest:Rise|Dest:Rise|Dest:Fall|Dest:Fall|
---------------+---------+---------+---------+---------+
XLXI_6/c1      |    6.452|         |         |         |
---------------+---------+---------+---------+---------+

=========================================================================


Total REAL time to Xst completion: 10.00 secs
Total CPU time to Xst completion: 9.96 secs
 
--> 

Total memory usage is 4502588 kilobytes

Number of errors   :    0 (   0 filtered)
Number of warnings :    0 (   0 filtered)
Number of infos    :    1 (   0 filtered)

